山西省公共资源交易平台 自检日志
生成时间: 2026-06-22 16:23:57
============================================================

【类型1】未识别公告（共0条）
----------------------------------------
  无

【类型2】有链接但字段提取失败
----------------------------------------
  项目: 山西省朔州市山阴县-朔城区县域充换电基础设施补短板试点项目朔城区部分(1标段)
    - 投标人资格要求未提取

  项目: 汾西县白家河等肉鸡产业园区配套基础设施建设项目
    - 投标人资格要求未提取

  项目: 古县农村道路修缮项目
    - 投标人资格要求未提取

  项目: 河上咀站220kV并网线路工程方案设计及初步设计
    - 投标人资格要求未提取

  项目: 中北高新区上兰能源岛集中供热工程软水设备采购及服务
    - 投标人资格要求未提取

  项目: 山西晋城兴唐煤业有限公司车寨矿井矿建工程、部分土建工程及井下安装工程施工监理暂停公告
    - 投标人资格要求未提取
    - 招标文件获取时间未提取

  项目: 乡宁县环岛至鄂河桥段绿化带改造工程
    - 投标人资格要求未提取

  项目: 繁峙县2026年农村公路养护工程施工(1标段)
    - 投标人资格要求未提取

  项目: 绛县倗国路南延建设项目
    - 投标人资格要求未提取
    - 招标文件获取时间未提取

  项目: 垣曲县允西河灌区续建配套与现代化改造项目
    - 投标人资格要求未提取
    - 招标文件获取时间未提取

  项目: 乡宁县2025年农村道路(村组道路)工程(一期)施工
    - 投标人资格要求未提取

  项目: 惠科阳曲200MW风力发电项目EPC总承包（一期）招标
    - 投标人资格要求未提取

  项目: 晋城市金凤路改造(东上庄立交桥-太岳街)道路工程对特定影响的咨询评估服务招标
    - 投标人资格要求未提取

  项目: 新绛经济技术开发区地下水污染风险管控与修复项目勘察
    - 投标人资格要求未提取
    - 招标文件获取时间未提取

  项目: 灵石县燃气有限公司静升LNG调峰储配站技改工程（EPC）招标
    - 投标人资格要求未提取

  项目: 长治市潞州区太行东西街街区更新项目监理
    - 中标候选人名称未提取

  项目: 山西省公路交通基础设施数字化转型升级项目（交投集团建设部分）设计施工总承包
    - 中标候选人名称未提取

  项目: 朔州市朔城区中央财政“三北”工程林草湿荒一体化保护修复项目(1标段)重新招标
    - 中标候选人名称未提取

  项目: 晋中开发区标准厂房建设项目二期工程（续建）
    - 中标候选人名称未提取

  项目: 沁源县县城供热主管网改造工程施工
    - 中标候选人名称未提取

  项目: 山西离柳焦煤集团有限公司朱家店煤矿南风井瓦斯抽放泵站架空线路改造及地面固定瓦斯抽采系统升级改造工程(002标段)重新招标
    - 中标候选人名称未提取

  项目: 阳泉市城区义井镇义东沟村南苑东区、西区棚户区（城中村）改造工程（东区一期工程）配套基础设施项目施工
    - 中标候选人名称未提取

  项目: 大同市平城区供水管网及设施更新改造项目（一期）(1标段)
    - 中标候选人名称未提取

  项目: 运城市盐湖区2026年国土绿化综合治理项目（一至九标段）
    - 中标候选人名称未提取

  项目: 长治市潞城区微子镇南桥沟山洪沟防洪治理工程施工项目二次（第一标段）
    - 中标候选人名称未提取

  项目: 太原机场三期改扩建工程T3及配套项目转场投运咨询服务
    - 中标候选人名称未提取

