山西省公共资源交易平台 AI补全报告
生成时间: 2026-07-01 16:08:32
使用模型: glm-4.6-thinking
============================================================

【汇总】
  处理项目数 : 112
  成功        : 97
  失败        : 15
  跳过        : 0
  字段补全数  : 372

【Token消耗】
  AI调用次数  : 114
  输入tokens  : 233,677
  输出tokens  : 45,010
  合计tokens  : 278,687

【详细记录】
----------------------------------------
项目: 长子县医疗集团紧密型县域医共体建设项目（第一标段）施工
  链接: https://prec.sxzwfw.gov.cn/jyxxgczb/1070110.jhtml
  目标字段: 标书发售时间, 招标人, 招标人地址, 招标人联系人, 招标人联系方式, 招标代理机构, 招标代理机构地址, 招标代理机构联系人, 招标代理机构联系方式
  结果: 成功
  - 标书发售时间: 2026年07月01日 至 2026年07月24日
  - 招标人: 长子县卫生健康和体育局
  - 招标人地址: 山西省长子县东大街304号
  - 招标人联系人: 韩先生
  - 招标人联系方式: 0355-8322241
  - 招标代理机构: 山西安成项目管理有限公司
  - 招标代理机构地址: 长治市太行北路188号科技企业加速器6号楼四层
  - 招标代理机构联系人: 李先生
  - 招标代理机构联系方式: 0355-5124586

项目: 长治市第二中学校（滨湖校区）建设项目勘察
  链接: https://prec.sxzwfw.gov.cn/jyxxgczb/1070107.jhtml
  目标字段: 开标时间, 标书发售时间, 招标代理机构联系方式
  结果: 成功
  - 开标时间: 2026年07月22日9时30分
  - 标书发售时间: 2026年07月01日 - 2026年07月22日
  - 招标代理机构联系方式: 16635593548@163.com

项目: 临猗县楚侯污水处理厂提标改造工程
  链接: https://prec.sxzwfw.gov.cn/jyxxgczb/1070071.jhtml
  目标字段: 开标时间, 标书发售时间, 公告内容, 招标人, 招标人地址, 招标人联系人, 招标人联系方式, 招标代理机构, 招标代理机构地址, 招标代理机构联系人, 招标代理机构联系方式
  结果: 成功
  - 开标时间: 2026 年7 月22 日9 时00 分
  - 标书发售时间: 2026 年7 月1 日09 时00 分至2026 年7 月8 日09 时00 分
  - 公告内容: 临猗县楚侯污水处理厂提标改造工程监理招标公告（招标编号：2026GC010499）招标项目所在地区:山西省 运城市 临猗现代农业产业示范区一、招标条件本临猗县楚侯污水处理厂提标改造工程监理（招标项目编...
  - 招标人: 临猗现代农业产业示范区管理委员会
  - 招标人地址: 临猗现代农业产业示范区楚侯工业园西夹线188 号
  - 招标人联系人: 姚先生
  - 招标人联系方式: 18135953056
  - 招标代理机构: 中招神舟项目管理有限公司
  - 招标代理机构地址: 运城市盐湖区河东街天泰凤凰公寓1610
  - 招标代理机构联系人: 杨女士
  - 招标代理机构联系方式: 0359-6300023

项目: 华晋焦煤有限责任公司山西华晋明珠煤业有限责任公司配套选煤厂工程
  链接: https://prec.sxzwfw.gov.cn/jyxxgczb/1069923.jhtml
  目标字段: 标书发售时间, 招标代理机构, 招标代理机构地址, 招标代理机构联系人, 招标代理机构联系方式
  结果: 成功
  - 标书发售时间: 2026年06月30日20:00至2026年07月05日20:00
  - 招标代理机构: 山西焦煤集团招标有限公司
  - 招标代理机构地址: 山西省太原市小店区龙城大街102号文旅大厦
  - 招标代理机构联系人: 朱虹宇、符一丁
  - 招标代理机构联系方式: 0351-7955111

项目: 娄烦县全民健身中心及配套工程建设项目初步设计
  链接: https://prec.sxzwfw.gov.cn/jyxxgczb/1069908.jhtml
  目标字段: 招标代理机构联系人
  结果: 成功
  - 招标代理机构联系人: 王志玮

项目: 太原供水集团智慧供水建设项目初步设计
  链接: https://prec.sxzwfw.gov.cn/jyxxgczb/1069875.jhtml
  目标字段: 招标代理机构联系人
  结果: 成功
  - 招标代理机构联系人: 兰亚珍

项目: 太原市市区交通堵点改造项目（二期）施工
  链接: https://prec.sxzwfw.gov.cn/jyxxgczb/1069874.jhtml
  目标字段: 招标代理机构联系人
  结果: 成功
  - 招标代理机构联系人: 王亚男

项目: 太原市瓶装液化石油气储配标准站挡墙工程项目（西侧）XP1段
  链接: https://prec.sxzwfw.gov.cn/jyxxgczb/1069848.jhtml
  目标字段: 标书发售时间, 招标代理机构联系人
  结果: 成功
  - 标书发售时间: 2026年06月30日17时00分—2026年07月06日17时00分
  - 招标代理机构联系人: 郑秀芳

项目: 马庄城改项目回迁安置小区连接道路工程
  链接: https://prec.sxzwfw.gov.cn/jyxxgczb/1069846.jhtml
  目标字段: 标书发售时间, 招标代理机构联系人
  结果: 成功
  - 标书发售时间: 2026年06月30日17时00分—2026年07月06日17时00分
  - 招标代理机构联系人: 郑秀芳

项目: “那年蒲县”历史文化沉浸式街区及配套设施提升改造项目二标段工程总承包（EPC）
  链接: https://prec.sxzwfw.gov.cn/jyxxgczb/1069839.jhtml
  目标字段: 标书发售时间
  结果: 成功
  - 标书发售时间: 2026年07月01日00时00分至2026年07月07日23时59分

项目: 山西省长治市上党区低空示范区安全保障体系新基建建设项目监理
  链接: https://prec.sxzwfw.gov.cn/jyxxgczb/1069836.jhtml
  目标字段: 开标时间, 标书发售时间, 招标人地址, 招标代理机构地址
  结果: 成功
  - 开标时间: 2026年7月23日9时30分
  - 标书发售时间: 2026年6月30日 至 2026年7月23日
  - 招标人地址: 山西省长治市上党区韩店街道正大南路39号新能源智造产业园
  - 招标代理机构地址: 长治市潞州区太行西街406号中央商务大厦C座402

项目: 马村镇马村村高标准设施蔬菜基地项目
  链接: https://prec.sxzwfw.gov.cn/jyxxgczb/1069822.jhtml
  目标字段: 标书发售时间, 招标人地址, 招标代理机构地址, 监督部门联系方式
  结果: 成功
  - 标书发售时间: 2026年06月30日17时00分至2026年07月05日17时00分
  - 招标人地址: 无
  - 招标代理机构地址: 无
  - 监督部门联系方式: 无

项目: 柳林县贾家垣乡李家焉至双则公路工程施工项目
  链接: https://prec.sxzwfw.gov.cn/jyxxgczb/1069790.jhtml
  目标字段: 标书发售时间, 监督部门联系方式
  结果: 成功
  - 标书发售时间: 2026年6月30日17时00分至2026年7月23日10时00分
  - 监督部门联系方式: {'联系方式': '0358-2255625', '联系地址': '吕梁市离石区国投财经中心C座607', '联系邮箱': '1lsjtjjgk@126.com'}

项目: 经纬南路道路建设项目
  链接: https://prec.sxzwfw.gov.cn/jyxxgczb/1069695.jhtml
  目标字段: 开标时间
  结果: 成功
  - 开标时间: 2026年07月15日 09:30

项目: 万荣县2026年农村公路建设工程(大谢至吴村、徐家崖进村路、仓里通村路)
  链接: https://prec.sxzwfw.gov.cn/jyxxgczb/1069593.jhtml
  目标字段: 开标时间, 标书发售时间, 公告内容, 招标人, 招标人地址, 招标人联系人, 招标人联系方式, 招标代理机构, 招标代理机构地址, 招标代理机构联系人, 招标代理机构联系方式, 监督部门, 监督部门联系方式
  结果: 成功
  - 开标时间: 2026 年7 月22 日9 时00 分
  - 标书发售时间: 2026 年7 月1 日00:00:00 至2026 年7 月8 日00:00:00
  - 公告内容: 万荣县2026 年农村公路建设工程(大谢至吴村、徐家崖进村路、仓里通村路)招标公告 （项目编号：2026GC010625） 招标项目所在地区：运城市万荣县 一、招标条件 本万荣县2026 年农村公路建...
  - 招标人: 万荣县交通运输局
  - 招标人地址: 万荣县解店镇汇源街
  - 招标人联系人: 王先生
  - 招标人联系方式: 15935990567
  - 招标代理机构: 山西森鹏项目管理有限公司
  - 招标代理机构地址: 运城市盐湖区恒大绿洲5 号楼3 单元601 室
  - 招标代理机构联系人: 张女士
  - 招标代理机构联系方式: 19135825352
  - 监督部门: 运城市交通运输局
  - 监督部门联系方式: 0359-2050335

项目: 长治市台上片区城中村改造及基础设施配套建设项目勘察设计
  链接: https://prec.sxzwfw.gov.cn/jyxxgczb/1069583.jhtml
  目标字段: 开标时间, 标书发售时间
  结果: 成功
  - 开标时间: 2026年7月22日09时30分
  - 标书发售时间: 2026年6月30日至2026年7月22日

项目: 运城学院消防安全改造及育人环境提升项目
  链接: https://prec.sxzwfw.gov.cn/jyxxgczb/1069552.jhtml
  目标字段: 开标时间, 标书发售时间, 公告内容, 招标人, 招标人地址, 招标人联系人, 招标人联系方式, 招标代理机构, 招标代理机构地址, 招标代理机构联系人, 招标代理机构联系方式
  结果: 成功
  - 开标时间: 2026 年07 月21 日09 时00 分
  - 标书发售时间: 2026 年06 月30 日09 时00 分至2026 年07 月06 日18 时00
  - 公告内容: 运城学院消防安全改造及育人环境提升项目招标公告（项目编号：2026GC010620）招标项目所在地区：运城市盐湖区一、招标条件本运城学院消防安全改造及育人环境提升项目（项目编号：2026GC01062...
  - 招标人: 运城学院
  - 招标人地址: 运城市盐湖区复旦西街1155 号
  - 招标人联系人: 王老师
  - 招标人联系方式: 0359-2513123
  - 招标代理机构: 山西诚赢天下工程项目管理有限公司
  - 招标代理机构地址: 山西省运城市盐湖区红旗东街金水湾1 号楼21 层
  - 招标代理机构联系人: 张先生
  - 招标代理机构联系方式: 0359-8333373/15035413352

项目: 2026年太原市建成区集中供热设备更新工程（第二批）施工
  链接: https://prec.sxzwfw.gov.cn/jyxxgczb/1069422.jhtml
  目标字段: 招标代理机构联系人
  结果: 成功
  - 招标代理机构联系人: 胡迪

项目: 文瀛湖片区—文瀛公园更新工程设计
  链接: https://prec.sxzwfw.gov.cn/jyxxgczb/1069418.jhtml
  目标字段: 招标代理机构联系人
  结果: 成功
  - 招标代理机构联系人: 韩瑞丽

项目: 汾河流域城区段8处入河排口整治及规范化建设项目施工三标段(二次)
  链接: https://prec.sxzwfw.gov.cn/jyxxgczb/1069417.jhtml
  目标字段: 招标代理机构联系人
  结果: 成功
  - 招标代理机构联系人: 兰亚珍

项目: 小王中街（小王路—大王路）建设项目施工
  链接: https://prec.sxzwfw.gov.cn/jyxxgczb/1069416.jhtml
  目标字段: 招标代理机构联系人
  结果: 成功
  - 招标代理机构联系人: 孙奇

项目: 国奥城（太原赵北峰城中村改造）项目地块四机械车位采购安装
  链接: https://prec.sxzwfw.gov.cn/jyxxgczb/1069414.jhtml
  目标字段: 标书发售时间, 招标代理机构, 招标代理机构地址, 招标代理机构联系人, 招标代理机构联系方式
  结果: 成功
  - 标书发售时间: 2026年06月29日18时00分-2026年07月05日18时00分
  - 招标代理机构: 中创国丰项目管理集团有限公司
  - 招标代理机构地址: 山西省太原市迎泽区并州北路6号物产大厦6号1516室
  - 招标代理机构联系人: 王志忠
  - 招标代理机构联系方式: 19135184259

项目: 2025年太原市建成区集中供热设备更新工程(第一批）不锈钢软水设备采购及服务
  链接: https://prec.sxzwfw.gov.cn/jyxxgczb/1069413.jhtml
  目标字段: 标书发售时间, 招标代理机构联系人
  结果: 成功
  - 标书发售时间: 2026年06月29日18时00分-2026年07月05日18时00分
  - 招标代理机构联系人: 高天歌

项目: 太原赵北峰城中村改造项目地块一楼宇门、天井、商铺门联窗及地块二小学窗户采购安装
  链接: https://prec.sxzwfw.gov.cn/jyxxgczb/1069412.jhtml
  目标字段: 标书发售时间, 招标代理机构, 招标代理机构地址, 招标代理机构联系人, 招标代理机构联系方式
  结果: 成功
  - 标书发售时间: 2026年06月29日18时00分&2026年07月05日18时00分
  - 招标代理机构: 中创国丰项目管理集团有限公司
  - 招标代理机构地址: 山西省太原市迎泽区并州北路6号物产大厦6号1516室
  - 招标代理机构联系人: 王志忠
  - 招标代理机构联系方式: 19135184259

项目: 孝义市城南宜居家园小区加装电梯项目施工
  链接: https://prec.sxzwfw.gov.cn/jyxxgczb/1069388.jhtml
  目标字段: 招标人, 招标人地址, 招标人联系人, 招标人联系方式, 招标代理机构, 招标代理机构地址, 招标代理机构联系人, 招标代理机构联系方式
  结果: 成功
  - 招标人: 孝义市物业管理服务中心
  - 招标人地址: 孝义市迎宾路三农大楼
  - 招标人联系人: 曹先生
  - 招标人联系方式: 0358-7632979
  - 招标代理机构: 山西中晋儒林项目管理有限公司
  - 招标代理机构地址: 山西转型综合改革示范区学府产业园平阳南路儒商大厦 1 号楼 13 层
  - 招标代理机构联系人: 乔凯炫
  - 招标代理机构联系方式: 17635118899

项目: 临汾市滨河南路南延(尧王路-广言路)道路工程工程总承包(EPC)
  链接: https://prec.sxzwfw.gov.cn/jyxxgczb/1069352.jhtml
  目标字段: 标书发售时间
  结果: 成功
  - 标书发售时间: 2026年6月30日 00时00分至2026年7月6日 23时59分

项目: 下静游村基础设施提升改造项目
  链接: https://prec.sxzwfw.gov.cn/jyxxgczb/1069264.jhtml
  目标字段: 标书发售时间, 监督部门
  结果: 成功
  - 标书发售时间: 2026年06月29日18时00分至2026年07月04日18时00分
  - 监督部门: 娄烦县农业农村和水务局

项目: 方山县城区雨污分流及道路改造项目设计
  链接: https://prec.sxzwfw.gov.cn/jyxxgczb/1069248.jhtml
  目标字段: 标书发售时间, 招标人, 招标人地址, 招标人联系人, 招标人联系方式, 招标代理机构, 招标代理机构地址, 招标代理机构联系人, 招标代理机构联系方式
  结果: 成功
  - 标书发售时间: 2026年6月29日17时00分至2026年7月22日10时00分
  - 招标人: 方山县住房和城乡建设管理局
  - 招标人地址: 方山县建安路102号
  - 招标人联系人: 郭先生
  - 招标人联系方式: 13903588951
  - 招标代理机构: 吕梁市金开工程咨询有限公司
  - 招标代理机构地址: 吕梁市离石区恒大华府28号楼二层2003商铺
  - 招标代理机构联系人: 赵女士 / 武女士
  - 招标代理机构联系方式: 0358-2802666/2802999

项目: 安泽县地下管网提升改造及城市生命线安全工程项目工程总承包（EPC）
  链接: https://prec.sxzwfw.gov.cn/jyxxgczb/1069237.jhtml
  目标字段: 标书发售时间
  结果: 成功
  - 标书发售时间: 2026年6月30日00时00分至2026年7月6日23时59分

项目: 国道207陵川县过境段公路改线工程施工监理
  链接: https://prec.sxzwfw.gov.cn/jyxxgczb/1069141.jhtml
  目标字段: 标书发售时间, 监督部门联系方式
  结果: 成功
  - 标书发售时间: 2026年6月29日18时00分至2026年7月6日18时00分（北京时间）
  - 监督部门联系方式: 0356-2025862

项目: 万荣县2026年农村公路建设工程（半坡至南张）
  链接: https://prec.sxzwfw.gov.cn/jyxxgczb/1069121.jhtml
  目标字段: 开标时间, 标书发售时间, 公告内容, 招标人, 招标人地址, 招标人联系人, 招标人联系方式, 招标代理机构, 招标代理机构地址, 招标代理机构联系人, 招标代理机构联系方式, 监督部门, 监督部门联系方式
  结果: 成功
  - 开标时间: 2026 年7 月21 日9 时00 分
  - 标书发售时间: 2026 年6 月29 日18 时00 分至2026 年7 月6 日18 时00 分
  - 公告内容: 万荣县2026 年农村公路建设工程（半坡至南张）招标公告（招标编号：2026GC010613）招标项目所在地区：运城市万荣县一、招标条件本万荣县2026 年农村公路建设工程（半坡至南张）（招标项目编号...
  - 招标人: 无
  - 招标人地址: 无
  - 招标人联系人: 无
  - 招标人联系方式: 无
  - 招标代理机构: 无
  - 招标代理机构地址: 无
  - 招标代理机构联系人: 无
  - 招标代理机构联系方式: 无
  - 监督部门: 无
  - 监督部门联系方式: 无

项目: 树理小镇10KV箱变建设项目
  链接: https://prec.sxzwfw.gov.cn/jyxxgczb/1069118.jhtml
  目标字段: 标书发售时间
  结果: 成功
  - 标书发售时间: 2026年6月29日17时00分至2026年7月4日17时00分

项目: 吕梁新区医疗卫生园区人行天桥建设项目施工重新
  链接: https://prec.sxzwfw.gov.cn/jyxxgczb/1069097.jhtml
  目标字段: 开标时间, 标书发售时间
  结果: 成功
  - 开标时间: 2026年7月20日10时00分
  - 标书发售时间: 2026年6月29日17时00分至2026年7月20日10时00分

项目: 阳泉市桃河公园城区段提升改造工程项目施工
  链接: https://prec.sxzwfw.gov.cn/jyxxgczb/1069029.jhtml
  目标字段: 招标人, 招标人地址, 招标人联系人, 招标人联系方式, 招标代理机构, 招标代理机构地址, 招标代理机构联系人, 招标代理机构联系方式, 监督部门
  结果: 成功
  - 招标人: 阳泉市城区住房和城乡建设局
  - 招标人地址: 阳泉市朝阳街6号
  - 招标人联系人: 马宁
  - 招标人联系方式: 0353-5617586
  - 招标代理机构: 华诚博远工程咨询有限公司
  - 招标代理机构地址: 阳泉市郊区李家庄新村大门南侧8号底商
  - 招标代理机构联系人: ['张丽', '张俊红', '王丽']
  - 招标代理机构联系方式: 0353-5678086
  - 监督部门: 阳泉市住房和城乡建设局

项目: 襄垣经开区中瑞瑞恒道路工程施工
  链接: https://prec.sxzwfw.gov.cn/jyxxgczb/1069020.jhtml
  目标字段: 招标人, 招标人地址, 招标人联系人, 招标人联系方式, 招标代理机构, 招标代理机构地址, 招标代理机构联系人, 招标代理机构联系方式
  结果: 成功
  - 招标人: 襄垣县交通运输局
  - 招标人地址: 长治市襄垣县新建东街89号
  - 招标人联系人: 杨先生
  - 招标人联系方式: 0355-7222558
  - 招标代理机构: 长治市玺信珵工程项目管理有限公司
  - 招标代理机构地址: 山西省长治市太行北路 154 号中奥建商务楼
  - 招标代理机构联系人: 苗雨、方智慧
  - 招标代理机构联系方式: 15713550663

项目: 长治市滨湖区九年一贯制学校新建项目勘察
  链接: https://prec.sxzwfw.gov.cn/jyxxgczb/1069009.jhtml
  目标字段: 开标时间, 标书发售时间, 招标人, 招标人地址, 招标人联系人, 招标人联系方式, 招标代理机构, 招标代理机构地址, 招标代理机构联系人, 招标代理机构联系方式
  结果: 成功
  - 开标时间: 2026年7月20日9时30分
  - 标书发售时间: 2026年6月29日-2026年7月20日
  - 招标人: 长治市第二十中学校
  - 招标人地址: 长治市潞州区大辛庄街道上党西街19号
  - 招标人联系人: 武先生、赵女士
  - 招标人联系方式: 17535553987、17696272951
  - 招标代理机构: 山西卓智建设项目管理有限公司
  - 招标代理机构地址: 山西省长治市长治高新技术产业开发区城西北路7080城1号楼4号商铺
  - 招标代理机构联系人: 张先生
  - 招标代理机构联系方式: 0355-6955666

项目: 中阳县城区段雨污分流及道路提升改造工程项目 （二期）施工
  链接: https://prec.sxzwfw.gov.cn/jyxxgczb/1068973.jhtml
  目标字段: 标书发售时间, 招标人, 招标人地址, 招标人联系人, 招标人联系方式, 招标代理机构, 招标代理机构地址, 招标代理机构联系人, 招标代理机构联系方式
  结果: 成功
  - 标书发售时间: 2026年06月29日17时00分至2026年07月21日10时00分
  - 招标人: 中阳县住房和城乡建设管理局
  - 招标人地址: 山西省中阳县
  - 招标人联系人: 高峰
  - 招标人联系方式: 13753809486
  - 招标代理机构: 山西通畅工程勘察设计咨询有限公司
  - 招标代理机构地址: 山西省太原市小店区寇庄西路91号君泰风尚写字楼6层
  - 招标代理机构联系人: 田浩
  - 招标代理机构联系方式: 15580076475

项目: 交城县人民法院审判法庭建设项目施工
  链接: https://prec.sxzwfw.gov.cn/jyxxgczb/1068968.jhtml
  目标字段: 开标时间, 标书发售时间, 监督部门联系方式
  结果: 成功
  - 开标时间: 2026年07月21日10时00分
  - 标书发售时间: 2026年06月29日17时00分至2026年07月21日10时00分
  - 监督部门联系方式: 0 358-3522513

项目: 交城县人民法院审判法庭建设项目监理
  链接: https://prec.sxzwfw.gov.cn/jyxxgczb/1068963.jhtml
  目标字段: 标书发售时间
  结果: 成功
  - 标书发售时间: 2026年06月29日17时00分至2026年07月21日10时00分

项目: 侯马市XX训练基地建设项目（二次）
  链接: https://prec.sxzwfw.gov.cn/jyxxgczb/1062990.jhtml
  目标字段: 监督部门联系方式
  结果: 失败
  - 监督部门联系方式: 无

项目: 中信机电能源科技(山西)有限公司220千伏变电站输配电线路项目施工
  链接: https://prec.sxzwfw.gov.cn/jyxxgczb/1066848.jhtml
  目标字段: 开标时间, 标书发售时间, 公告内容, 招标人, 招标人地址, 招标人联系人, 招标人联系方式, 招标代理机构, 招标代理机构地址, 招标代理机构联系人, 招标代理机构联系方式, 监督部门, 监督部门联系方式
  结果: 成功
  - 开标时间: 2026 年07 月15 日09 时00 分
  - 标书发售时间: 2026 年06 月23 日00 时00 分至2026 年06 月30 日23 时59 分
  - 公告内容: 中信机电能源科技（山西）有限公司 220 千伏变电站输配电线路项目施工招标公告（招标编号：2026GC010606） 招标项目所在地区：运城市绛县 一、招标条件 中信机电能源科技（山西）有限公司220...
  - 招标人: 中信机电能源科技（山西）有限公司
  - 招标人地址: 山西省运城市绛县开发区华信大道东商住楼B 段北起第16-18 间
  - 招标人联系人: 谭先生
  - 招标人联系方式: 18635973315
  - 招标代理机构: 中信国际招标有限公司
  - 招标代理机构地址: 北京市朝阳区东三环中路59 号楼18 层（实际楼层15 层）1801、1802、1803 室
  - 招标代理机构联系人: 闫璐璐李雪李金
  - 招标代理机构联系方式: 13213003292
  - 监督部门: 绛县能源局
  - 监督部门联系方式: 13935952477

项目: 阳泉市全民健身中心（小型体育综合体）建设项目设计施工总承包
  链接: https://prec.sxzwfw.gov.cn/jyxxgczb/1063973.jhtml
  目标字段: 标书发售时间, 招标代理机构联系方式, 监督部门联系方式
  结果: 成功
  - 标书发售时间: 2026年6月11日17时00分至2026年6月16日17时00分
  - 招标代理机构联系方式: {'地址': '山西省阳泉高新技术开发区联丰大厦C座9层', '联系人': '岳世芳 陈志强 杨军', '电话': ['18635318247', '18603538237', '1853536998...
  - 监督部门联系方式: 无

项目: 太原轨道交通集团2026年信息化一期及听景APP维保服务项目(二次)
  链接: https://prec.sxzwfw.gov.cn/jyxxgczb/1062946.jhtml
  目标字段: 标书发售时间, 招标代理机构, 招标代理机构地址, 招标代理机构联系人, 招标代理机构联系方式
  结果: 成功
  - 标书发售时间: 2026年06月08日17时00分-2026年06月15日17时00分
  - 招标代理机构: 山西众恒工程招标代理有限公司
  - 招标代理机构地址: 太原市迎泽区并州北路35号金港大厦C座东厅601
  - 招标代理机构联系人: 花艳春
  - 招标代理机构联系方式: 0351-3195088、15635151113

项目: 太原市杏花岭区宇乔400MW/800MWh独立储能调频电站项目(EPC总承包）
  链接: https://prec.sxzwfw.gov.cn/jyxxgchxr/1070147.jhtml
  目标字段: 监督部门联系方式
  结果: 失败
  - 监督部门联系方式: 无

项目: 太原供水集团有限公司供水城市生命线监测系统项目软硬件设备采购
  链接: https://prec.sxzwfw.gov.cn/jyxxgczb/1063269.jhtml
  目标字段: 招标代理机构联系人
  结果: 成功
  - 招标代理机构联系人: 兰亚珍

项目: 001太原西山“骑行+”户外运动场地设施与服务保障设施建设项目施工
  链接: https://prec.sxzwfw.gov.cn/jyxxgchxr/1070143.jhtml
  目标字段: 监督部门, 监督部门联系方式
  结果: 成功
  - 监督部门: 太原西山生态文化旅游示范区管理委员会
  - 监督部门联系方式: 0351-5235953

项目: 清徐县集中供热联网扩容改造工程
  链接: https://prec.sxzwfw.gov.cn/jyxxgczb/1062945.jhtml
  目标字段: 招标代理机构联系人
  结果: 成功
  - 招标代理机构联系人: 罗丽

项目: 2025年长治市潞州区雨污分流管网改造项目监理
  链接: https://prec.sxzwfw.gov.cn/jyxxgczb/1063189.jhtml
  目标字段: 标书发售时间, 招标人, 招标人地址, 招标人联系人, 招标人联系方式, 招标代理机构, 招标代理机构地址, 招标代理机构联系人, 招标代理机构联系方式
  结果: 成功
  - 标书发售时间: 2026年6月9日 至 2026年6月30日
  - 招标人: 长治市潞州区住房和城乡建设局
  - 招标人地址: 长治市北外环关杜庄村
  - 招标人联系人: 郝先生
  - 招标人联系方式: 0355-2231454
  - 招标代理机构: 山西卓智建设项目管理有限公司
  - 招标代理机构地址: 山西省长治市长治高新技术产业开发区城西北路7080城1号楼4号商铺
  - 招标代理机构联系人: 张先生
  - 招标代理机构联系方式: 0355-6955666

项目: 山西蓝焰煤层气集团有限责任公司2026年和顺横岭区块煤层气勘查开发项目煤层气井钻井工程二次重新招标
  链接: https://prec.sxzwfw.gov.cn/jyxxgczb/1063443.jhtml
  目标字段: 招标人地址, 招标人联系人, 招标人联系方式
  结果: 成功
  - 招标人地址: 太原市长治路345号东楼23层
  - 招标人联系人: 李晓辉、张朝、闫潇腾
  - 招标人联系方式: 0351-2453225、2221733、2221755

项目: 大宁县胡城水库工程EPC总承包项目
  链接: https://prec.sxzwfw.gov.cn/jyxxgczb/1062365.jhtml
  目标字段: 标书发售时间
  结果: 失败
  - 标书发售时间: 无

项目: 山西省阳泉市太行山（山西段东南部）生态保护修复与水土流失综合治理项目（2026年平定县建设任务）施工二次第二十二标段
  链接: https://prec.sxzwfw.gov.cn/jyxxgchxr/1069866.jhtml
  目标字段: 监督部门
  结果: 成功
  - 监督部门: 阳泉市规划和自然资源局

项目: 应县2026年大石线-新堡东等4条农村道路改造工程
  链接: https://prec.sxzwfw.gov.cn/jyxxgczb/1062775.jhtml
  目标字段: 开标时间, 标书发售时间, 公告内容, 招标人, 招标人地址, 招标人联系人, 招标人联系方式, 招标代理机构, 招标代理机构地址, 招标代理机构联系人, 招标代理机构联系方式, 监督部门联系方式
  结果: 成功
  - 开标时间: 2026-06-30 09:30:00
  - 标书发售时间: 2026-06-08 15:00 -- 2026-06-15 15:00
  - 公告内容: 应县2026年大石线-新堡东等4条农村道路改造工程(1标段)招标公告 （招标编号：E14060000G3001796001） 招标项目所在地区: 山西省朔州市应县 一、招标条件 本应县2026年大石线...
  - 招标人: 应县交通运输局
  - 招标人地址: 应县
  - 招标人联系人: 杨向荣
  - 招标人联系方式: 18734981251
  - 招标代理机构: 山西万盛项目管理有限公司
  - 招标代理机构地址: 山西省阳泉市郊区荫营镇下荫营村雅馨园15楼底商
  - 招标代理机构联系人: 李玥、王超
  - 招标代理机构联系方式: 15235311588
  - 监督部门联系方式: 无

项目: 华信振阳高新区200MW/400MWh独立储能项目EPC总承包
  链接: https://prec.sxzwfw.gov.cn/jyxxgchxr/1069694.jhtml
  目标字段: 监督部门联系方式
  结果: 失败
  - 监督部门联系方式: 无

项目: 原平市2025年农村公路灾毁改造工程（裕隆社区-武彦等6条）监理项目
  链接: https://prec.sxzwfw.gov.cn/jyxxgchxr/1069689.jhtml
  目标字段: 监督部门联系方式
  结果: 成功
  - 监督部门联系方式: {'联系电话': '18035048080', '联系人': '尹彦军'}

项目: 山西地方电力有限公司方山县10kV店坪线等线路新建及改造工程电杆采购
  链接: https://prec.sxzwfw.gov.cn/jyxxgczb/1061689.jhtml
  目标字段: 标书发售时间, 监督部门联系方式
  结果: 成功
  - 标书发售时间: 2022-06-03 18:00至2022-06-08 18:00
  - 监督部门联系方式: 无

项目: 长治市天晚集路等27条路雨污分流改造工程（第一标段）施工项目
  链接: https://prec.sxzwfw.gov.cn/jyxxgczb/1060367.jhtml
  目标字段: 标书发售时间
  结果: 成功
  - 标书发售时间: 2026年05月29日至2026年06月22日

项目: 汾河流域城区段8处入河排口整治及规范化建设项目监理一标段
  链接: https://prec.sxzwfw.gov.cn/jyxxgczb/1062393.jhtml
  目标字段: 招标代理机构联系人
  结果: 成功
  - 招标代理机构联系人: 兰亚珍

项目: 山西省中医院住院楼改造提升项目施工
  链接: https://prec.sxzwfw.gov.cn/jyxxgczb/1062511.jhtml
  目标字段: 标书发售时间, 招标代理机构联系人
  结果: 成功
  - 标书发售时间: 2026年06月05日18时00分 - 2026年06月11日18时00分
  - 招标代理机构联系人: 蒋克平

项目: 文瀛湖片区—文瀛漫道项目设计
  链接: https://prec.sxzwfw.gov.cn/jyxxgczb/1062422.jhtml
  目标字段: 开标时间, 标书发售时间, 公告内容, 招标人, 招标人地址, 招标人联系人, 招标人联系方式, 招标代理机构, 招标代理机构地址, 招标代理机构联系人, 招标代理机构联系方式, 监督部门, 监督部门联系方式
  结果: 成功
  - 开标时间: 2026年06月29日09时30分
  - 标书发售时间: 2026年06月05日16时30分 - 2026年06月11日16时30分
  - 公告内容: （招标项目编号：E1401000267024421001001） 招标项目所在地区：山西省太原市 一、招标条件 本文瀛湖片区—文瀛漫道项目设计（招标项目编号：E14010002670244210010...
  - 招标人: 太原市城市建设管理中心
  - 招标人地址: 太原市大同路80号
  - 招标人联系人: 姚瑞
  - 招标人联系方式: 0351-5265967
  - 招标代理机构: 山西宏昇伟业工程咨询有限公司
  - 招标代理机构地址: 太原市万柏林区和平南路143号金诺大厦5层
  - 招标代理机构联系人: 薛乘风
  - 招标代理机构联系方式: 15513889789
  - 监督部门: 太原市住房和城乡建设局
  - 监督部门联系方式: 0351-5625571

项目: 山西省中医院住院楼改造提升项目监理
  链接: https://prec.sxzwfw.gov.cn/jyxxgczb/1062513.jhtml
  目标字段: 标书发售时间
  结果: 成功
  - 标书发售时间: 2026年06月05日18时00分-2026年06月11日18时00分

项目: 五台山站站前综合交通枢纽及相关市政配套项目（供电工程）设计项目
  链接: https://prec.sxzwfw.gov.cn/jyxxgchxr/1069607.jhtml
  目标字段: 监督部门联系方式
  结果: 失败
  - 监督部门联系方式: 无

项目: 阳泉煤业（集团）有限责任公司总医院新建医疗综合楼项目电梯采购及安装货物第一标段中标候选人公示更正
  链接: https://prec.sxzwfw.gov.cn/jyxxgchxr/1069380.jhtml
  目标字段: 监督部门
  结果: 成功
  - 监督部门: 阳泉市住房和城乡建设局

项目: 新绛县2026年农村公路建设工程
  链接: https://prec.sxzwfw.gov.cn/jyxxgczb/1061413.jhtml
  目标字段: 开标时间, 标书发售时间, 公告内容, 招标人, 招标人地址, 招标人联系人, 招标人联系方式, 招标代理机构, 招标代理机构地址, 招标代理机构联系人, 招标代理机构联系方式, 监督部门
  结果: 成功
  - 开标时间: 2026 年6 月26 日09 时00 分
  - 标书发售时间: 2026 年6 月3 日09 时00 分至2026 年6 月10 日09 时00 分
  - 公告内容: 新绛县2026 年农村公路建设工程招标公告（招标编号：2026GC010539） 招标项目所在地区：运城市新绛县 一、招标条件 本新绛县2026 年农村公路建设工程（招标项目编号：2026GC0105...
  - 招标人: 新绛县交通运输局
  - 招标人地址: 新绛县新城区学府北路1 号
  - 招标人联系人: 段先生
  - 招标人联系方式: 13935976178
  - 招标代理机构: 山西君和工程项目管理有限公司
  - 招标代理机构地址: 运城市盐湖区红旗东街康乐苑临街办公楼3 单元301 室
  - 招标代理机构联系人: 韩先生
  - 招标代理机构联系方式: 0359-2580688、15535990178
  - 监督部门: 运城市交通运输局

项目: 山西药科职业学院中药材产教融合实训基地项目-实训楼一层、二层装饰工程
  链接: https://prec.sxzwfw.gov.cn/jyxxgczb/1063053.jhtml
  目标字段: 招标代理机构, 招标代理机构地址, 招标代理机构联系人, 招标代理机构联系方式
  结果: 成功
  - 招标代理机构: 山西信绵建设项目管理有限公司
  - 招标代理机构地址: 太原市万柏林区迎泽西大街公元时代城新都汇2号楼1826室
  - 招标代理机构联系人: 郝伟伟
  - 招标代理机构联系方式: 13015349217、18234010544、0351-6076185

项目: 高平市南城办事处张庄村至七佛山道路提升工程
  链接: https://prec.sxzwfw.gov.cn/jyxxgczb/1062105.jhtml
  目标字段: 招标代理机构联系人
  结果: 成功
  - 招标代理机构联系人: 徐皓南

项目: 代县城市地下管网及设施建设改造工程-东北街片区（分区二）监理项目
  链接: https://prec.sxzwfw.gov.cn/jyxxgchxr/1069232.jhtml
  目标字段: 监督部门联系方式
  结果: 失败
  - 监督部门联系方式: 无

项目: 长治高新区规划路、纬五路旧路改造工程施工项目
  链接: https://prec.sxzwfw.gov.cn/jyxxgczb/1062445.jhtml
  目标字段: 标书发售时间, 招标代理机构, 招标代理机构地址, 招标代理机构联系人, 招标代理机构联系方式, 监督部门
  结果: 成功
  - 标书发售时间: 2026年06月05日至2026年06月26日
  - 招标代理机构: 山西珩盈工程项目管理有限公司
  - 招标代理机构地址: 长治市捉马西大街123号沁芳有福生活广场1018室
  - 招标代理机构联系人: 任先生
  - 招标代理机构联系方式: 0355-3555231
  - 监督部门: 长治高新技术产业开发区建设管理部

项目: 代县城市地下管网及设施建设改造工程-东北街片区（分区二）施工项目
  链接: https://prec.sxzwfw.gov.cn/jyxxgchxr/1069209.jhtml
  目标字段: 监督部门联系方式
  结果: 失败
  - 监督部门联系方式: 无

项目: 晋源区冶峪村城中村改造安置项目地块一1号楼、2号楼、3号楼、4号楼、办公楼、垃圾转运站、换热站、生活水泵房、门房、地下车库公区精装修工程
  链接: https://prec.sxzwfw.gov.cn/jyxxgczb/1043444.jhtml
  目标字段: 开标时间
  结果: 成功
  - 开标时间: 2026年04月14日09时30分

项目: 太原供水集团有限公司北张东路等给水管线改造工程施工
  链接: https://prec.sxzwfw.gov.cn/jyxxgczb/1053875.jhtml
  目标字段: 开标时间, 招标代理机构联系人
  结果: 成功
  - 开标时间: 2026年05月26日09时30分
  - 招标代理机构联系人: 石亚琼

项目: 2025年太原市建成区集中供热管网更新工程（第一批）施工二标段
  链接: https://prec.sxzwfw.gov.cn/jyxxgczb/1062091.jhtml
  目标字段: 招标代理机构联系人
  结果: 成功
  - 招标代理机构联系人: 孙远东

项目: 吉县吉电200MW/400MWh独立储能电站EPC总承包
  链接: https://prec.sxzwfw.gov.cn/jyxxgchxr/1069140.jhtml
  目标字段: 监督部门联系方式
  结果: 失败
  - 监督部门联系方式: 无

项目: 五台山风景名胜区石咀热源厂及管网配套工程项目泵类设备（暂估价）采购
  链接: https://prec.sxzwfw.gov.cn/jyxxgczb/1062440.jhtml
  目标字段: 开标时间, 标书发售时间, 公告内容, 招标人, 招标人地址, 招标人联系人, 招标人联系方式, 招标代理机构, 招标代理机构地址, 招标代理机构联系人, 招标代理机构联系方式, 监督部门联系方式
  结果: 成功
  - 开标时间: 2026年6月29日9时30分
  - 标书发售时间: 2026年6月5日17时00分至2026年6月10日17时00分
  - 公告内容: 五台山风景名胜区石咀热源厂及管网配套工程项目泵类设备（暂估价）采购招标公告(招标编号：ZXD-ZBHW-26162)招标项目所在地区：中国-山西-忻州一、招标条件本五台山风景名胜区石咀热源厂及管网配套...
  - 招标人: 无
  - 招标人地址: 无
  - 招标人联系人: 无
  - 招标人联系方式: 无
  - 招标代理机构: 无
  - 招标代理机构地址: 无
  - 招标代理机构联系人: 无
  - 招标代理机构联系方式: 无
  - 监督部门联系方式: 无

项目: 大同市晋北地区高原风沙源生态保护和修复项目桦林背林场2026年人工造林(1,2,3,4,5,6,8,9,10,11,12,
  链接: https://prec.sxzwfw.gov.cn/jyxxgchxr/1069104.jhtml
  目标字段: 监督部门联系方式
  结果: 失败
  - 监督部门联系方式: 无

项目: 山西蓝焰煤层气集团有限责任公司晋城矿区煤层气加密井建设项目（二期）煤层气井录井技术服务
  链接: https://prec.sxzwfw.gov.cn/jyxxgczb/1055857.jhtml
  目标字段: 招标人地址, 招标人联系人, 招标人联系方式
  结果: 成功
  - 招标人地址: 太原市长治路345号东楼23层
  - 招标人联系人: 李晓辉、张朝、闫潇腾
  - 招标人联系方式: 0351-2453225、2221733、2221755

项目: 运城市专门学校项目（一期）-智能化系统
  链接: https://prec.sxzwfw.gov.cn/jyxxgczb/1060059.jhtml
  目标字段: 标书发售时间, 招标代理机构, 招标代理机构地址, 招标代理机构联系人, 招标代理机构联系方式
  结果: 成功
  - 标书发售时间: 2026年5月28日20时00分至2026年6月2日20时00分
  - 招标代理机构: 山西华厦建设工程咨询有限公司
  - 招标代理机构地址: 山西省太原市小店区平阳路街道八一街8号（平阳路290号）
  - 招标代理机构联系人: 崔晓雄、王思杰、姚红霞
  - 招标代理机构联系方式: 0351-7672889、15525475653、13734011261

项目: 绛县中心城区集中供热管网及换热站改造扩容建设项目监理
  链接: https://prec.sxzwfw.gov.cn/jyxxgczb/1053270.jhtml
  目标字段: 开标时间, 标书发售时间, 公告内容, 招标人, 招标人地址, 招标人联系人, 招标人联系方式, 招标代理机构, 招标代理机构地址, 招标代理机构联系人, 招标代理机构联系方式
  结果: 成功
  - 开标时间: 2026-06-02 15:00
  - 标书发售时间: 2026-05-13 08:00 - 2026-05-19 18:00
  - 公告内容: 绛县中心城区集中供热管网及换热站改造扩容建设项目监理 招标公告 （招标编号：2026GC010438） 招标项目所在地区：绛县 一、招标条件 本绛县中心城区集中供热管网及换热站改造扩容建设项目监理（招...
  - 招标人: 绛县市政公用服务中心
  - 招标人地址: 绛县绛山东街街104 号
  - 招标人联系人: 赵先生
  - 招标人联系方式: 13509799699
  - 招标代理机构: 山西盛友项目管理有限公司
  - 招标代理机构地址: 运城市盐湖区红旗东街2589 号
  - 招标代理机构联系人: 范田田、王超
  - 招标代理机构联系方式: 17634095858

项目: 洪洞县山焦中学新建餐厅项目施工
  链接: https://prec.sxzwfw.gov.cn/jyxxgczb/1058786.jhtml
  目标字段: 招标代理机构联系人
  结果: 成功
  - 招标代理机构联系人: 李彦强

项目: 山西阳煤寺家庄煤业有限责任公司矿井水处理站改造工程（EPC）项目
  链接: https://prec.sxzwfw.gov.cn/jyxxgczb/1060440.jhtml
  目标字段: 开标时间, 标书发售时间, 公告内容, 招标人, 招标人地址, 招标人联系人, 招标人联系方式, 招标代理机构, 招标代理机构地址, 招标代理机构联系人, 招标代理机构联系方式, 监督部门联系方式
  结果: 成功
  - 开标时间: 2026年6月23日09时00分
  - 标书发售时间: 2026年5月29日17时30分至2026年6月3日17时30分
  - 公告内容: 山西阳煤寺家庄煤业有限责任公司矿井水处理站改造工程（EPC）招标公告（招标编号：LAZB-2026-0222） 招标项目所在地：山西省晋中市 一、招标条件 本招标项目山西阳煤寺家庄煤业有限责任公司矿井...
  - 招标人: 山西阳煤寺家庄煤业有限责任公司
  - 招标人地址: 山西省晋中市昔阳县
  - 招标人联系人: 石女士
  - 招标人联系方式: 18234476589
  - 招标代理机构: 山西潞安招标有限公司
  - 招标代理机构地址: 山西省长治市襄垣县侯堡镇山西潞安招标有限公司
  - 招标代理机构联系人: 郭先生
  - 招标代理机构联系方式: 0355-5998600转316
  - 监督部门联系方式: 无

项目: 通宝（右玉）清洁能源有限公司 右玉10万千瓦风力发电项目工程监理
  链接: https://prec.sxzwfw.gov.cn/jyxxgczb/1062282.jhtml
  目标字段: 招标代理机构地址, 招标代理机构联系人, 招标代理机构联系方式
  结果: 成功
  - 招标代理机构地址: 山西省太原市迎泽区柳巷街道开化寺街86号
  - 招标代理机构联系人: 茹先生、刘先生
  - 招标代理机构联系方式: 13466816500、13935617135

项目: 玉兰大道（电石街-玉门河南岸）、西铭路（玉门河-虎峪河北抢险路）给水管线工程监理
  链接: https://prec.sxzwfw.gov.cn/jyxxgczb/1060392.jhtml
  目标字段: 招标代理机构联系人
  结果: 成功
  - 招标代理机构联系人: 兰亚珍

项目: 洪洞至大宁高速公路工程主体工程设计施工总承包
  链接: https://prec.sxzwfw.gov.cn/jyxxgczb/1048829.jhtml
  目标字段: 标书发售时间, 招标代理机构联系人
  结果: 成功
  - 标书发售时间: 2023年04月24日18时00分至2023年05月06日18时00分
  - 招标代理机构联系人: 项目负责人：韩文琦，电话：0351-3031500

项目: 2025年太原市建成区集中供热管网更新工程（第一批）施工一标段
  链接: https://prec.sxzwfw.gov.cn/jyxxgczb/1061719.jhtml
  目标字段: 招标代理机构联系人
  结果: 成功
  - 招标代理机构联系人: 孙远东

项目: 清徐县紫林路小学校改扩建项目设计
  链接: https://prec.sxzwfw.gov.cn/jyxxgczb/1061350.jhtml
  目标字段: 标书发售时间, 招标代理机构联系人
  结果: 成功
  - 标书发售时间: 2026年06月02日18时00分 - 2026年06月08日18时00分
  - 招标代理机构联系人: 李妮妮

项目: 玉兰大道（电石街-玉门河南岸）、西铭路（玉门河-虎峪河北抢险路）给水管线工程球墨铸铁管采购
  链接: https://prec.sxzwfw.gov.cn/jyxxgczb/1061647.jhtml
  目标字段: 招标代理机构联系人
  结果: 成功
  - 招标代理机构联系人: 兰亚珍

项目: 太原市双良水泥厂地块棚户区安置改造住房项目10kV变配电工程
  链接: https://prec.sxzwfw.gov.cn/jyxxgczb/1056687.jhtml
  目标字段: 招标代理机构联系人
  结果: 成功
  - 招标代理机构联系人: 刘仙

项目: 太原供水集团有限公司供水厂站老旧设施设备更新改造工程 (一期)工程施工
  链接: https://prec.sxzwfw.gov.cn/jyxxgczb/1055499.jhtml
  目标字段: 开标时间, 标书发售时间, 公告内容, 招标人, 招标人地址, 招标人联系人, 招标人联系方式, 招标代理机构, 招标代理机构地址, 招标代理机构联系人, 招标代理机构联系方式, 监督部门
  结果: 成功
  - 开标时间: 2026年05月27日09时30分
  - 标书发售时间: 2026年05月15日20时00分至2026年05月21日20时00分
  - 公告内容: （招标项目编号：E1401000267024355001001） 招标项目所在地区：山西省太原市 一、招标条件 本太原供水集团有限公司供水厂站老旧设施设备更新改造工程(一期)工程施工（招标项目编号：E...
  - 招标人: 太原供水集团有限公司
  - 招标人地址: 太原市杏花岭区北大街109号
  - 招标人联系人: 罗斌
  - 招标人联系方式: 0351-3020242
  - 招标代理机构: 中招辰丰达招标有限公司
  - 招标代理机构地址: 山西综改示范区太原学府园区亚日街7号环亚时代广场B座12层综合办公室
  - 招标代理机构联系人: 兰亚珍
  - 招标代理机构联系方式: 0351-7770718
  - 监督部门: 太原市住房和城乡建设局

项目: 太原市“两站一场”城市更新项目—园林绿化工程施工（太原市园林绿化建设服务中心）
  链接: https://prec.sxzwfw.gov.cn/jyxxgczb/1061366.jhtml
  目标字段: 招标代理机构联系人
  结果: 成功
  - 招标代理机构联系人: 刘超

项目: 玉兰大道（电石街-玉门河南岸）、西铭路（玉门河-虎峪河北抢险路）给水管线工程施工
  链接: https://prec.sxzwfw.gov.cn/jyxxgczb/1055498.jhtml
  目标字段: 开标时间, 招标代理机构联系人
  结果: 成功
  - 开标时间: 2026年05月27日09时30分
  - 招标代理机构联系人: 兰亚珍

项目: 广灵县增减挂钩跨省域调剂指标项目高标准农田建设（一斗泉乡等三乡镇板塔寺等三村高标准农田建设项目）
  链接: https://prec.sxzwfw.gov.cn/jyxxgcgs/1069592.jhtml
  目标字段: 监督部门联系方式
  结果: 失败
  - 监督部门联系方式: 无

项目: 高平市炎谷丰高标准设施蔬菜基地项目(002二标段)
  链接: https://prec.sxzwfw.gov.cn/jyxxgchxr/1067695.jhtml
  目标字段: 监督部门联系方式
  结果: 失败
  - 监督部门联系方式: 无

项目: 太原供水集团有限公司财大东巷等46条新建给水管网工程球墨铸铁管采购（二次）
  链接: https://prec.sxzwfw.gov.cn/jyxxgczb/1062352.jhtml
  目标字段: 招标代理机构联系人
  结果: 成功
  - 招标代理机构联系人: 石亚琼

项目: 岚县普明河普明村段河道综合治理工程施工项目
  链接: https://prec.sxzwfw.gov.cn/jyxxgczb/1061563.jhtml
  目标字段: 标书发售时间
  结果: 成功
  - 标书发售时间: 2026年06月03日17:00至2026年06月25日10:00

项目: 孝义市城排渠马庄营、长黄村段农桥改建工程施工项目
  链接: https://prec.sxzwfw.gov.cn/jyxxgczb/1060810.jhtml
  目标字段: 开标时间, 标书发售时间, 监督部门联系方式
  结果: 成功
  - 开标时间: 2026年6月23日10时00分
  - 标书发售时间: 2026年6月1日17时00分至2026年6月23日10时00分
  - 监督部门联系方式: 无

项目: 浮山县城市地下管网改造工程（一期）道路附属工程初步设计
  链接: https://prec.sxzwfw.gov.cn/jyxxgczb/1061305.jhtml
  目标字段: 标书发售时间
  结果: 成功
  - 标书发售时间: 2026年6月3日00时00分至2026年6月9日23时59分

项目: 汾西县九龙山乡村旅游公路工程项目
  链接: https://prec.sxzwfw.gov.cn/jyxxgczb/1060670.jhtml
  目标字段: 招标代理机构, 招标代理机构地址, 招标代理机构联系人, 招标代理机构联系方式
  结果: 成功
  - 招标代理机构: 山西众成工程项目管理有限公司
  - 招标代理机构地址: 山西省太原市杏花岭区晋安东街2号创新大厦526室
  - 招标代理机构联系人: 景丽鹏、郭雁平
  - 招标代理机构联系方式: 15135756007、18735197472

项目: 临猗县城区供水管网漏损治理建设项目监理
  链接: https://prec.sxzwfw.gov.cn/jyxxgczb/1062512.jhtml
  目标字段: 开标时间, 标书发售时间, 公告内容, 招标人, 招标人地址, 招标人联系人, 招标人联系方式, 招标代理机构, 招标代理机构地址, 招标代理机构联系人, 招标代理机构联系方式
  结果: 失败
  - 开标时间: 无
  - 标书发售时间: 无
  - 公告内容: 无
  - 招标人: 无
  - 招标人地址: 无
  - 招标人联系人: 无
  - 招标人联系方式: 无
  - 招标代理机构: 无
  - 招标代理机构地址: 无
  - 招标代理机构联系人: 无
  - 招标代理机构联系方式: 无

项目: 寿阳县盂上线公路改建工程施工（第一标段）
  链接: https://prec.sxzwfw.gov.cn/jyxxgcgs/1069354.jhtml
  目标字段: 监督部门联系方式
  结果: 失败
  - 监督部门联系方式: 无

项目: 中信机电能源科技（山西）有限公司220kV供电系统项目气体绝缘金属封闭开关（GIS）设备采购项目
  链接: https://prec.sxzwfw.gov.cn/jyxxgczb/1057314.jhtml
  目标字段: 开标时间, 标书发售时间, 公告内容, 招标人, 招标人地址, 招标人联系人, 招标人联系方式, 招标代理机构, 招标代理机构地址, 招标代理机构联系人, 招标代理机构联系方式
  结果: 成功
  - 开标时间: 2026 年06 月12 日15 时00 分
  - 标书发售时间: 2026 年05 月23 日00 时00 分至2026 年05 月30 日23 时59 分
  - 公告内容: 中信机电能源科技（山西）有限公司 220kV 供电系统项目气体绝缘金属封闭开关（GIS）设备采购项目招标公告 （招标编号：2026GC010406） 招标项目所在地区：运城市绛县 一、招标条件 本中信...
  - 招标人: 中信机电能源科技（山西）有限公司
  - 招标人地址: 山西省运城市绛县开发区华信大道东商住楼B 段北起第16-18 间
  - 招标人联系人: 谭先生
  - 招标人联系方式: 18635973315
  - 招标代理机构: 中信国际招标有限公司
  - 招标代理机构地址: 北京市朝阳区东三环中路59 号楼18 层（实际楼层15 层）1801、1802、1803 室
  - 招标代理机构联系人: 闫璐璐
  - 招标代理机构联系方式: 13213003292

项目: 中信机电能源科技（山西）有限公司220kV供电系统项目三相三绕组电力变压器设备采购项目
  链接: https://prec.sxzwfw.gov.cn/jyxxgczb/1057316.jhtml
  目标字段: 开标时间, 标书发售时间, 公告内容, 招标人, 招标人地址, 招标人联系人, 招标人联系方式, 招标代理机构, 招标代理机构地址, 招标代理机构联系人, 招标代理机构联系方式, 监督部门
  结果: 成功
  - 开标时间: 2026 年06 月12 日15 时00 分
  - 标书发售时间: 2026 年05 月23 日00 时00 分至2026 年05 月30 日23 时59 分
  - 公告内容: 中信机电能源科技（山西）有限公司 220kV 供电系统项目三相三绕组电力变压器设备采购项目招标公告（招标编号：2026GC010405）招标项目所在地区：运城市绛县一、招标条件本中信机电能源科技（山西...
  - 招标人: 中信机电能源科技（山西）有限公司
  - 招标人地址: 山西省运城市绛县开发区华信大道东商住楼B段北起第16-18间
  - 招标人联系人: 谭先生
  - 招标人联系方式: 18635973315
  - 招标代理机构: 中信国际招标有限公司
  - 招标代理机构地址: 北京市朝阳区东三环中路59号楼18层（实际楼层15层）1801、1802、1803室
  - 招标代理机构联系人: 闫璐璐
  - 招标代理机构联系方式: 13213003292
  - 监督部门: 绛县能源局

项目: 2025年太原市建成区集中供热管网更新工程（第一批）监理
  链接: https://prec.sxzwfw.gov.cn/jyxxgczb/1060876.jhtml
  目标字段: 招标代理机构联系人
  结果: 成功
  - 招标代理机构联系人: 胡迪

项目: 曲堤灌区引水渠(零二街口至端氏村委段)周边环境提升工程
  链接: https://prec.sxzwfw.gov.cn/jyxxgczb/1058618.jhtml
  目标字段: 标书发售时间, 招标代理机构, 招标代理机构地址, 招标代理机构联系人, 招标代理机构联系方式
  结果: 成功
  - 标书发售时间: 2026年5月25日21时00分至2026年5月30日21时00分
  - 招标代理机构: 山西中汉元项目管理有限公司
  - 招标代理机构地址: 山西省晋城市城区中原西街299号天巨商务大厦7楼
  - 招标代理机构联系人: 陈丽娟
  - 招标代理机构联系方式: 18734608712

项目: 太原天然气有限公司太原市2026年住宅小区居民共有老旧庭院燃气管网及户内立管更新改造项目工程施工
  链接: https://prec.sxzwfw.gov.cn/jyxxgcgs/1069250.jhtml
  目标字段: 监督部门联系方式
  结果: 失败
  - 监督部门联系方式: 无

项目: 黄水河宁武县段河道治理工程勘察设计项目
  链接: https://prec.sxzwfw.gov.cn/jyxxgchxr/1067711.jhtml
  目标字段: 监督部门联系方式
  结果: 失败
  - 监督部门联系方式: 无

项目: 古交市市政老旧管网更新改造工程(一期工程)施工第三标段
  链接: https://prec.sxzwfw.gov.cn/jyxxgczb/1060908.jhtml
  目标字段: 招标代理机构, 招标代理机构地址, 招标代理机构联系人, 招标代理机构联系方式
  结果: 成功
  - 招标代理机构: 山西金建达工程项目管理有限公司
  - 招标代理机构地址: 太原市杏花岭区解放路175号万达中心B座3615室
  - 招标代理机构联系人: 解碧茹
  - 招标代理机构联系方式: 15513288291

项目: 古交市市政老旧管网更新改造工程(一期工程)施工第二标段
  链接: https://prec.sxzwfw.gov.cn/jyxxgczb/1060394.jhtml
  目标字段: 招标代理机构, 招标代理机构地址, 招标代理机构联系人, 招标代理机构联系方式
  结果: 成功
  - 招标代理机构: 山西金建达工程项目管理有限公司
  - 招标代理机构地址: 太原市杏花岭区解放路175号万达中心B座3615室
  - 招标代理机构联系人: 解碧茹
  - 招标代理机构联系方式: 15513288291

项目: 古交市市政老旧管网更新改造工程(一期工程)施工第一标段
  链接: https://prec.sxzwfw.gov.cn/jyxxgczb/1060391.jhtml
  目标字段: 招标代理机构, 招标代理机构地址, 招标代理机构联系人, 招标代理机构联系方式
  结果: 成功
  - 招标代理机构: 山西金建达工程项目管理有限公司
  - 招标代理机构地址: 太原市杏花岭区解放路175号万达中心B座3615室
  - 招标代理机构联系人: 解碧茹
  - 招标代理机构联系方式: 15513288291

项目: 通宝（右玉）清洁能源有限公司右玉10万千瓦风电项目EPC工程总承包
  链接: https://prec.sxzwfw.gov.cn/jyxxgczb/1057965.jhtml
  目标字段: 招标代理机构地址, 招标代理机构联系人, 招标代理机构联系方式
  结果: 成功
  - 招标代理机构地址: 山西省太原市迎泽区柳巷街道开化寺街86号综合办公楼
  - 招标代理机构联系人: 鲁先生 曹先生
  - 招标代理机构联系方式: 18635241751 13593144260

项目: 太原天然气有限公司太原市2026年住宅小区居民共有老旧庭院燃气管网及户内立管更新改造工程监理
  链接: https://prec.sxzwfw.gov.cn/jyxxgczb/1061325.jhtml
  目标字段: 标书发售时间, 招标人地址, 招标人联系人, 招标人联系方式, 监督部门联系方式
  结果: 成功
  - 标书发售时间: 2026-06-02 17:30至2026-06-08 17:30
  - 招标人地址: 太原市长治路345号东楼23层
  - 招标人联系人: 李晓辉、张朝、闫潇腾
  - 招标人联系方式: 0351-2453225、2221733、2221755; 0351-2221744（财务）
  - 监督部门联系方式: 无

项目: 山西省公路交通基础设施数字化转型升级项目（路桥集团建设部分）设计施工总承包
  链接: https://prec.sxzwfw.gov.cn/jyxxgczb/1047159.jhtml
  目标字段: 标书发售时间, 招标代理机构联系方式
  结果: 成功
  - 标书发售时间: 2026年4月17日 18时00分至2026年4月24日 18时00分
  - 招标代理机构联系方式: {'联系地址': '太原市龙城大街1号', '联系人': '张先生', '电话/传真': '0351-7075969'}

项目: 高平市燃气老化管网及设施更新改造工程（老化燃气管道更新改造EPC）
  链接: https://prec.sxzwfw.gov.cn/jyxxgczb/1060412.jhtml
  目标字段: 标书发售时间, 招标人地址, 招标代理机构地址
  结果: 成功
  - 标书发售时间: 2026年5月29日 18:00至2026年6月3日 18:00
  - 招标人地址: 无
  - 招标代理机构地址: 无

项目: 晋城市主城区白水河流域水生态修复及水质提升工程中标结果公告
  链接: https://prec.sxzwfw.gov.cn/jyxxgcgs/1069128.jhtml
  目标字段: 监督部门联系方式
  结果: 成功
  - 监督部门联系方式: 0356-2281982

